<?xml version="1.0" encoding="UTF-8"?>
<coverage generated="1757089720700" clover="3.2.0">
  <project timestamp="1757089720702" name="All files">
    <metrics statements="34" coveredstatements="34" conditionals="8" coveredconditionals="8" methods="18" coveredmethods="18" elements="60" coveredelements="60" complexity="0" loc="34" ncloc="34" packages="1" files="1" classes="1"/>
    <file name="order.js" path="C:\Users\CLIENTE\Desktop\Sist gerenci festas\AP2-cobertura_de_codigo\src\order.js">
      <metrics statements="34" coveredstatements="34" conditionals="8" coveredconditionals="8" methods="18" coveredmethods="18"/>
      <line num="6" count="13" type="stmt"/>
      <line num="7" count="13" type="stmt"/>
      <line num="8" count="13" type="stmt"/>
      <line num="9" count="13" type="stmt"/>
      <line num="10" count="13" type="stmt"/>
      <line num="15" count="17" type="stmt"/>
      <line num="20" count="2" type="stmt"/>
      <line num="21" count="2" type="stmt"/>
      <line num="26" count="1" type="stmt"/>
      <line num="27" count="1" type="stmt"/>
      <line num="32" count="6" type="cond" truecount="2" falsecount="0"/>
      <line num="33" count="2" type="stmt"/>
      <line num="35" count="4" type="stmt"/>
      <line num="40" count="4" type="cond" truecount="2" falsecount="0"/>
      <line num="41" count="2" type="stmt"/>
      <line num="43" count="2" type="stmt"/>
      <line num="48" count="3" type="cond" truecount="2" falsecount="0"/>
      <line num="49" count="2" type="stmt"/>
      <line num="51" count="1" type="stmt"/>
      <line num="58" count="21" type="stmt"/>
      <line num="59" count="21" type="stmt"/>
      <line num="60" count="21" type="stmt"/>
      <line num="63" count="1" type="stmt"/>
      <line num="66" count="1" type="stmt"/>
      <line num="67" count="3" type="stmt"/>
      <line num="70" count="1" type="stmt"/>
      <line num="71" count="1" type="stmt"/>
      <line num="72" count="1" type="stmt"/>
      <line num="75" count="1" type="stmt"/>
      <line num="76" count="1" type="stmt"/>
      <line num="79" count="1" type="stmt"/>
      <line num="80" count="1" type="stmt"/>
      <line num="81" count="1" type="stmt"/>
      <line num="86" count="1" type="stmt"/>
    </file>
  </project>
</coverage>
