TN:
SF:src\order.js
FN:5,(anonymous_0)
FN:14,(anonymous_1)
FN:15,(anonymous_2)
FN:19,(anonymous_3)
FN:25,(anonymous_4)
FN:26,(anonymous_5)
FN:31,(anonymous_6)
FN:39,(anonymous_7)
FN:47,(anonymous_8)
FN:57,(anonymous_9)
FN:63,(anonymous_10)
FN:66,(anonymous_11)
FN:70,(anonymous_12)
FN:72,(anonymous_13)
FN:75,(anonymous_14)
FN:76,(anonymous_15)
FN:79,(anonymous_16)
FN:81,(anonymous_17)
FNF:18
FNH:18
FNDA:13,(anonymous_0)
FNDA:17,(anonymous_1)
FNDA:16,(anonymous_2)
FNDA:2,(anonymous_3)
FNDA:1,(anonymous_4)
FNDA:1,(anonymous_5)
FNDA:6,(anonymous_6)
FNDA:4,(anonymous_7)
FNDA:3,(anonymous_8)
FNDA:21,(anonymous_9)
FNDA:1,(anonymous_10)
FNDA:3,(anonymous_11)
FNDA:1,(anonymous_12)
FNDA:1,(anonymous_13)
FNDA:1,(anonymous_14)
FNDA:1,(anonymous_15)
FNDA:1,(anonymous_16)
FNDA:1,(anonymous_17)
DA:6,13
DA:7,13
DA:8,13
DA:9,13
DA:10,13
DA:15,17
DA:20,2
DA:21,2
DA:26,1
DA:27,1
DA:32,6
DA:33,2
DA:35,4
DA:40,4
DA:41,2
DA:43,2
DA:48,3
DA:49,2
DA:51,1
DA:58,21
DA:59,21
DA:60,21
DA:63,1
DA:66,1
DA:67,3
DA:70,1
DA:71,1
DA:72,1
DA:75,1
DA:76,1
DA:79,1
DA:80,1
DA:81,1
DA:86,1
LF:34
LH:34
BRDA:5,0,0,3
BRDA:5,1,0,13
BRDA:32,2,0,2
BRDA:32,2,1,4
BRDA:40,3,0,2
BRDA:40,3,1,2
BRDA:48,4,0,2
BRDA:48,4,1,1
BRF:8
BRH:8
end_of_record
